#######################################################################################
# log primitive debug message of FSDB dumping                                         #
# This is for R&D to analyze when there are issues happening when FSDB dump           #
#######################################################################################
ANF: vcsd_get_serial_mode_status('./simv: undefined symbol: vcsd_get_serial_mode_status')
ANF: vcsd_enable_sva_success_callback('./simv: undefined symbol: vcsd_enable_sva_success_callback')
ANF: vcsd_disable_sva_success_callback('./simv: undefined symbol: vcsd_disable_sva_success_callback')
ANF: vcsd_get_power_scope_name('./simv: undefined symbol: vcsd_get_power_scope_name')
ANF: vcsd_begin_no_value_var_info('./simv: undefined symbol: vcsd_begin_no_value_var_info')
ANF: vcsd_end_no_value_var_info('./simv: undefined symbol: vcsd_end_no_value_var_info')
ANF: vcsd_remove_xprop_merge_mode_callback('./simv: undefined symbol: vcsd_remove_xprop_merge_mode_callback')
ANF: vhpi_get_cb_info('./simv: undefined symbol: vhpi_get_cb_info')
ANF: vhpi_free_handle('./simv: undefined symbol: vhpi_free_handle')
ANF: vhpi_fetch_vcsd_handle('./simv: undefined symbol: vhpi_fetch_vcsd_handle')
ANF: vhpi_fetch_vpi_handle('./simv: undefined symbol: vhpi_fetch_vpi_handle')
ANF: vhpi_has_verilog_parent('./simv: undefined symbol: vhpi_has_verilog_parent')
ANF: vhpi_is_verilog_scope('./simv: undefined symbol: vhpi_is_verilog_scope')
ANF: scsd_xprop_is_enabled('./simv: undefined symbol: scsd_xprop_is_enabled')
ANF: scsd_xprop_sig_is_promoted('./simv: undefined symbol: scsd_xprop_sig_is_promoted')
ANF: scsd_xprop_int_xvalue('./simv: undefined symbol: scsd_xprop_int_xvalue')
ANF: scsd_xprop_bool_xvalue('./simv: undefined symbol: scsd_xprop_bool_xvalue')
ANF: scsd_xprop_enum_xvalue('./simv: undefined symbol: scsd_xprop_enum_xvalue')
ANF: scsd_xprop_register_merge_mode_cb('./simv: undefined symbol: scsd_xprop_register_merge_mode_cb')
ANF: scsd_xprop_delete_merge_mode_cb('./simv: undefined symbol: scsd_xprop_delete_merge_mode_cb')
ANF: scsd_xprop_get_merge_mode('./simv: undefined symbol: scsd_xprop_get_merge_mode')
ANF: scsd_thread_get_info('./simv: undefined symbol: scsd_thread_get_info')
ANF: scsd_thread_vc_init('./simv: undefined symbol: scsd_thread_vc_init')
ANF: scsd_master_set_delta_sync_cbk('./simv: undefined symbol: scsd_master_set_delta_sync_cbk')
ANF: scsd_fgp_get_fsdb_cores('./simv: undefined symbol: scsd_fgp_get_fsdb_cores')
ANF: scsd_fgp_get_is_cpu_affinity_disabled('./simv: undefined symbol: scsd_fgp_get_is_cpu_affinity_disabled')
ANF: vhdi_dt_get_type('./simv: undefined symbol: vhdi_dt_get_type')
ANF: vhdi_dt_get_key('./simv: undefined symbol: vhdi_dt_get_key')
ANF: vhdi_dt_get_vhdl_enum_info('./simv: undefined symbol: vhdi_dt_get_vhdl_enum_info')
ANF: vhdi_dt_get_vhdl_physical_info('./simv: undefined symbol: vhdi_dt_get_vhdl_physical_info')
ANF: vhdi_dt_get_vhdl_array_info('./simv: undefined symbol: vhdi_dt_get_vhdl_array_info')
ANF: vhdi_dt_get_vhdl_record_info('./simv: undefined symbol: vhdi_dt_get_vhdl_record_info')
ANF: vhdi_def_traverse_module('./simv: undefined symbol: vhdi_def_traverse_module')
ANF: vhdi_def_traverse_scope('./simv: undefined symbol: vhdi_def_traverse_scope')
ANF: vhdi_def_traverse_variable('./simv: undefined symbol: vhdi_def_traverse_variable')
ANF: vhdi_def_get_module_id_by_vhpi('./simv: undefined symbol: vhdi_def_get_module_id_by_vhpi')
ANF: vhdi_def_get_handle_by_module_id('./simv: undefined symbol: vhdi_def_get_handle_by_module_id')
ANF: vhdi_def_get_variable_info_by_vhpi('./simv: undefined symbol: vhdi_def_get_variable_info_by_vhpi')
ANF: vhdi_def_free('./simv: undefined symbol: vhdi_def_free')
ANF: vhdi_ist_traverse_scope('./simv: undefined symbol: vhdi_ist_traverse_scope')
ANF: vhdi_ist_traverse_variable('./simv: undefined symbol: vhdi_ist_traverse_variable')
ANF: vhdi_ist_convert_by_vhpi('./simv: undefined symbol: vhdi_ist_convert_by_vhpi')
ANF: vhdi_ist_clone('./simv: undefined symbol: vhdi_ist_clone')
ANF: vhdi_ist_free('./simv: undefined symbol: vhdi_ist_free')
ANF: vhdi_ist_hash_key('./simv: undefined symbol: vhdi_ist_hash_key')
ANF: vhdi_ist_compare('./simv: undefined symbol: vhdi_ist_compare')
ANF: vhdi_ist_get_value_addr('./simv: undefined symbol: vhdi_ist_get_value_addr')
ANF: vhdi_set_scsd_callback('./simv: undefined symbol: vhdi_set_scsd_callback')
ANF: vhdi_cbk_set_force_callback('./simv: undefined symbol: vhdi_cbk_set_force_callback')
ANF: vhdi_trigger_init_force('./simv: undefined symbol: vhdi_trigger_init_force')
ANF: vhdi_ist_check_scsd_callback('./simv: undefined symbol: vhdi_ist_check_scsd_callback')
ANF: vhdi_ist_add_scsd_callback('./simv: undefined symbol: vhdi_ist_add_scsd_callback')
ANF: vhdi_ist_remove_scsd_callback('./simv: undefined symbol: vhdi_ist_remove_scsd_callback')
ANF: vhdi_ist_get_scsd_user_data('./simv: undefined symbol: vhdi_ist_get_scsd_user_data')
ANF: vhdi_add_time_change_callback('./simv: undefined symbol: vhdi_add_time_change_callback')
ANF: vhdi_get_real_value_by_value_addr('./simv: undefined symbol: vhdi_get_real_value_by_value_addr')
ANF: vhdi_get_64_value_by_value_addr('./simv: undefined symbol: vhdi_get_64_value_by_value_addr')
ANF: vhdi_xprop_inst_is_promoted('./simv: undefined symbol: vhdi_xprop_inst_is_promoted')
ANF: vdi_ist_convert_by_vhdi('./simv: undefined symbol: vdi_ist_convert_by_vhdi')
ANF: vhdi_ist_get_module_id('./simv: undefined symbol: vhdi_ist_get_module_id')
ANF: vhdi_refine_foreign_scope_type('./simv: undefined symbol: vhdi_refine_foreign_scope_type')
ANF: vhdi_flush_callback('./simv: undefined symbol: vhdi_flush_callback')
ANF: vhdi_set_orig_name('./simv: undefined symbol: vhdi_set_orig_name')
ANF: vhdi_set_dump_pt('./simv: undefined symbol: vhdi_set_dump_pt')
ANF: vhdi_get_fsdb_option('./simv: undefined symbol: vhdi_get_fsdb_option')
ANF: vhdi_fgp_get_mode('./simv: undefined symbol: vhdi_fgp_get_mode')
ANF: vhdi_node_register_composite_var('./simv: undefined symbol: vhdi_node_register_composite_var')
ANF: vhdi_node_analysis('./simv: undefined symbol: vhdi_node_analysis')
ANF: vhdi_node_id('./simv: undefined symbol: vhdi_node_id')
ANF: vhdi_node_ist_check_scsd_callback('./simv: undefined symbol: vhdi_node_ist_check_scsd_callback')
ANF: vhdi_node_ist_add_scsd_callback('./simv: undefined symbol: vhdi_node_ist_add_scsd_callback')
ANF: vhdi_node_ist_get_value_addr('./simv: undefined symbol: vhdi_node_ist_get_value_addr')
ANF: vhdi_enc_def_traverse_module('./simv: undefined symbol: vhdi_enc_def_traverse_module')
ANF: vhdi_enc_def_traverse_scope('./simv: undefined symbol: vhdi_enc_def_traverse_scope')
ANF: vhdi_enc_def_traverse_variable('./simv: undefined symbol: vhdi_enc_def_traverse_variable')
ANF: vhdi_enc_ist_traverse_scope('./simv: undefined symbol: vhdi_enc_ist_traverse_scope')
ANF: vhdi_enc_ist_traverse_variable('./simv: undefined symbol: vhdi_enc_ist_traverse_variable')
ANF: vhdi_enc_ist_get_module_id('./simv: undefined symbol: vhdi_enc_ist_get_module_id')
ANF: vhdi_enc_def_get_handle_by_module_id('./simv: undefined symbol: vhdi_enc_def_get_handle_by_module_id')
VCS compile option:
 option[0]: ./simv
 option[1]: +UVM_TESTNAME=fifo_bfm_wr_test
 option[2]: +UVM_VERBOSITY=UVM_MEDIUM
 option[3]: -l
 option[4]: fifo_bfm_wr_test/fifo_bfm_wr_test.log
 option[5]: /hwetools/synosys/installed_tools/vcs/Q-2020.03-SP2-8/linux64/bin/vcs1
 option[6]: -Mcc=gcc
 option[7]: -Mcplusplus=g++
 option[8]: -Masflags=
 option[9]: -Mcfl= -pipe -DVCSMX -DUVM_DPI_DO_TYPE_CHECK -fPIC -O -I/hwetools/synosys/installed_tools/vcs/Q-2020.03-SP2-8/include 
 option[10]: -Mxllcflags=
 option[11]: -Mxcflags= -pipe -DVCSMX -DUVM_DPI_DO_TYPE_CHECK -fPIC -I/hwetools/synosys/installed_tools/vcs/Q-2020.03-SP2-8/include
 option[12]: -Mldflags= -rdynamic 
 option[13]: -Mout=simv
 option[14]: -Mamsrun=
 option[15]: -Mvcsaceobjs=
 option[16]: -Mobjects= /hwetools/synosys/installed_tools/vcs/Q-2020.03-SP2-8/linux64/lib/libvirsim.so /hwetools/synosys/installed_tools/vcs/Q-2020.03-SP2-8/linux64/lib/liberrorinf.so /hwetools/synosys/installed_tools/vcs/Q-2020.03-SP2-8/linux64/lib/libsnpsmalloc.so /hwetools/synosys/installed_tools/vcs/Q-2020.03-SP2-8/linux64/lib/libvfs.so 
 option[17]: -Mexternalobj=
 option[18]: -Msaverestoreobj=/hwetools/synosys/installed_tools/vcs/Q-2020.03-SP2-8/linux64/lib/vcs_save_restore_new.o
 option[19]: -Mcrt0=
 option[20]: -Mcrtn=
 option[21]: -Mcsrc=/hwetools/synosys/installed_tools/vcs/Q-2020.03-SP2-8/etc/uvm-1.2/dpi/uvm_dpi.cc /hwetools/synosys/installed_tools/vcs/Q-2020.03-SP2-8/etc/uvm-1.2/verdi/dpi/uvm_verdi_dpi.cpp 
 option[22]: -Msyslibs=/hwetools/synosys/installed_tools/verdi/Q-2020.03-SP2-8/share/PLI/VCS/LINUX64/pli.a -ldl 
 option[23]: -l
 option[24]: axi_fifo_compile.log
 option[25]: +define+UVM_VERDI_VIF_RECORD
 option[26]: +define+UVM_VCS_RECORD
 option[27]: +incdir+/hwetools/synosys/installed_tools/vcs/Q-2020.03-SP2-8/etc/uvm-1.2/vcs
 option[28]: /hwetools/synosys/installed_tools/vcs/Q-2020.03-SP2-8/etc/uvm-1.2/uvm_pkg.sv
 option[29]: /hwetools/synosys/installed_tools/vcs/Q-2020.03-SP2-8/etc/uvm-1.2/vcs/uvm_custom_install_vcs_recorder.sv
 option[30]: +incdir+/hwetools/synosys/installed_tools/vcs/Q-2020.03-SP2-8/etc/uvm-1.2/verdi
 option[31]: /hwetools/synosys/installed_tools/vcs/Q-2020.03-SP2-8/etc/uvm-1.2/verdi/uvm_custom_install_verdi_recorder.sv
 option[32]: -full64
 option[33]: +v2k
 option[34]: -debug_access+all
 option[35]: +vpi
 option[36]: +vcsd1
 option[37]: +itf+/hwetools/synosys/installed_tools/vcs/Q-2020.03-SP2-8/linux64/lib/vcsdp_lite.tab
 option[38]: -debug_acc+pp+dmptf
 option[39]: -ntb_opts
 option[40]: uvm-1.2
 option[41]: +incdir+/hwetools/synosys/installed_tools/vcs/Q-2020.03-SP2-8/etc/uvm-1.2/
 option[42]: 
 option[43]: +memcbk
 option[44]: -debug_access
 option[45]: +vcs+fsdbon+all
 option[46]: -override_timescale=1ns/1ps
 option[47]: +plusarg_ignore
 option[48]: -picarchive
 option[49]: -P
 option[50]: /hwetools/synosys/installed_tools/verdi/Q-2020.03-SP2-8/share/PLI/VCS/LINUX64/verdi.tab
 option[51]: -fsdb
 option[52]: -sverilog
 option[53]: -gen_obj
 option[54]: -f
 option[55]: ../axi4_fifo_copy.f
 option[56]: -load
 option[57]: /hwetools/synosys/installed_tools/verdi/Q-2020.03-SP2-8/share/PLI/VCS/LINUX64/libnovas.so:FSDBDumpCmd
Chronologic Simulation VCS Release Q-2020.03-SP2-8_Full64
Linux 3.10.0-1160.42.2.el7.x86_64 #1 SMP Tue Sep 7 14:49:57 UTC 2021 x86_64
CPU cores: 24
Limit information:
======================================
cputime		unlimited
filesize		unlimited
datasize		unlimited
stacksize		8397 kbytes
coredumpsize		0 kbytes
memoryuse		unlimited
vmemoryuse		unlimited
descriptors		4096
memorylocked		64 kbytes
maxproc		4096
======================================
(Special)Runtime environment variables:

Runtime environment variables:
XMODIFIERS=@im=ibus
GREEN=\e[0;32m
SHELL=/bin/bash
VTE_VERSION=5204
_=/usr/bin/make
BLUE=\e[0;34m
HISTCONTROL=ignoredups
SNPSLMD_LICENSE_FILE=27020@ls01.trg.vlsiexpert.in
SNPSLMD_QUEUE=true
XDG_DATA_DIRS=/home/gopalvamsinandam/.local/share/flatpak/exports/share:/var/lib/flatpak/exports/share:/usr/local/share:/usr/share:/var/lib/snapd/desktop
MACHTYPE=x86_64
BROWN=\e[0;33m
LESSOPEN=||/usr/bin/lesspipe.sh %s
SSH_CONNECTION=49.207.226.120 39119 192.168.1.10 22
PATH=/hwetools/synosys/installed_tools/verdi/Q-2020.03-SP2-8/bin:/hwetools/synosys/installed_tools/spyglass/S-2021.09-SP1/SPYGLASS_HOME/bin:/hwetools/synosys/installed_tools/syn/S-2021.06-SP4/bin:/hwetools/synosys/installed_tools/vcs/Q-2020.03-SP2-8/bin:/hwetools/synosys/installed_tools/fm/S-2021.06-SP2/bin:/hwetools/synosys/installed_tools/prime/S-2021.06-SP2/bin:/hwetools/synosys/installed_tools/icc2/Q-2019.12-SP1/bin:/hwetools/synosys/installed_tools/verdi/Q-2020.03-SP2-8/bin:/hwetools/synosys/installed_tools/spyglass/S-2021.09-SP1/SPYGLASS_HOME/bin:/hwetools/synosys/installed_tools/syn/S-2021.06-SP4/bin:/hwetools/synosys/installed_tools/vcs/Q-2020.03-SP2-8/bin:/hwetools/synosys/installed_tools/fm/S-2021.06-SP2/bin:/hwetools/synosys/installed_tools/prime/S-2021.06-SP2/bin:/hwetools/synosys/installed_tools/icc2/Q-2019.12-SP1/bin:/hwetools/synosys/installed_tools/verdi/Q-2020.03-SP2-8/bin:/hwetools/synosys/installed_tools/spyglass/S-2021.09-SP1/SPYGLASS_HOME/bin:/hwetools/synosys/installed_tools/syn/S-2021.06-SP4/bin:/hwetools/synosys/installed_tools/vcs/Q-2020.03-SP2-8/bin:/hwetools/synosys/installed_tools/fm/S-2021.06-SP2/bin:/hwetools/synosys/installed_tools/prime/S-2021.06-SP2/bin:/hwetools/synosys/installed_tools/icc2/Q-2019.12-SP1/bin:/usr/lib64/qt-3.3/bin:/usr/local/bin:/usr/bin:/usr/local/sbin:/usr/sbin:/var/lib/snapd/snap/bin/tools/mentor/questasim/questasim/linux/mgls/bin:/tools/mentor/questasim/questasim/bin:/tools/mentor/questacdc/linux/bin:/tools/AP_18.1.rel.1/bin/rhel6-64/usr/local/bin:/bin:/usr/bin:/usr/local/sbin:/usr/sbin:/var/lib/snapd/snap/bin/tools/mentor/questasim/questasim/linux/mgls/bin:/tools/mentor/questasim/questasim/bin:/tools/mentor/questacdc/linux/bin:/tools/AP_18.1.rel.1/bin/rhel6-64/usr/local/bin:/bin:/usr/bin:/usr/local/sbin:/usr/sbin/tools/mentor/questasim/questasim/linux/mgls/bin:/tools/mentor/questasim/questasim/bin:/tools/mentor/questacdc/linux/bin:/tools/AP_18.1.rel.1/bin/rhel6-64/usr/local/bin:/bin:/usr/bin:/usr/local/sbin:/usr/sbin
LM_LICENSE_FILE=1717@192.168.1.2:39484@192.168.1.2
QT_GRAPHICSSYSTEM_CHECKED=1
SESSION_MANAGER=local/unix:@/tmp/.ICE-unix/28142,unix/unix:/tmp/.ICE-unix/28142
SSH_TTY=/dev/pts/6
XDG_RUNTIME_DIR=/run/user/4520
VENDOR=unknown
ICC_HOME=/hwetools/synosys/installed_tools/icc2/Q-2019.12-SP1
test=fifo_bfm_wr_test
XDG_MENU_PREFIX=gnome-
UVMF_HOME=/hwetools/work_area/frontend/gopalVamsi_b7/uvmf/UVM_Framework/UVMF_2022.3
PURPLE=\e[0;35m
LS_COLORS=rs=0:di=38;5;27:ln=38;5;51:mh=44;38;5;15:pi=40;38;5;11:so=38;5;13:do=38;5;5:bd=48;5;232;38;5;11:cd=48;5;232;38;5;3:or=48;5;232;38;5;9:mi=05;48;5;232;38;5;15:su=48;5;196;38;5;15:sg=48;5;11;38;5;16:ca=48;5;196;38;5;226:tw=48;5;10;38;5;16:ow=48;5;10;38;5;21:st=48;5;21;38;5;15:ex=38;5;34:*.tar=38;5;9:*.tgz=38;5;9:*.arc=38;5;9:*.arj=38;5;9:*.taz=38;5;9:*.lha=38;5;9:*.lz4=38;5;9:*.lzh=38;5;9:*.lzma=38;5;9:*.tlz=38;5;9:*.txz=38;5;9:*.tzo=38;5;9:*.t7z=38;5;9:*.zip=38;5;9:*.z=38;5;9:*.Z=38;5;9:*.dz=38;5;9:*.gz=38;5;9:*.lrz=38;5;9:*.lz=38;5;9:*.lzo=38;5;9:*.xz=38;5;9:*.bz2=38;5;9:*.bz=38;5;9:*.tbz=38;5;9:*.tbz2=38;5;9:*.tz=38;5;9:*.deb=38;5;9:*.rpm=38;5;9:*.jar=38;5;9:*.war=38;5;9:*.ear=38;5;9:*.sar=38;5;9:*.rar=38;5;9:*.alz=38;5;9:*.ace=38;5;9:*.zoo=38;5;9:*.cpio=38;5;9:*.7z=38;5;9:*.rz=38;5;9:*.cab=38;5;9:*.jpg=38;5;13:*.jpeg=38;5;13:*.gif=38;5;13:*.bmp=38;5;13:*.pbm=38;5;13:*.pgm=38;5;13:*.ppm=38;5;13:*.tga=38;5;13:*.xbm=38;5;13:*.xpm=38;5;13:*.tif=38;5;13:*.tiff=38;5;13:*.png=38;5;13:*.svg=38;5;13:*.svgz=38;5;13:*.mng=38;5;13:*.pcx=38;5;13:*.mov=38;5;13:*.mpg=38;5;13:*.mpeg=38;5;13:*.m2v=38;5;13:*.mkv=38;5;13:*.webm=38;5;13:*.ogm=38;5;13:*.mp4=38;5;13:*.m4v=38;5;13:*.mp4v=38;5;13:*.vob=38;5;13:*.qt=38;5;13:*.nuv=38;5;13:*.wmv=38;5;13:*.asf=38;5;13:*.rm=38;5;13:*.rmvb=38;5;13:*.flc=38;5;13:*.avi=38;5;13:*.fli=38;5;13:*.flv=38;5;13:*.gl=38;5;13:*.dl=38;5;13:*.xcf=38;5;13:*.xwd=38;5;13:*.yuv=38;5;13:*.cgm=38;5;13:*.emf=38;5;13:*.axv=38;5;13:*.anx=38;5;13:*.ogv=38;5;13:*.ogx=38;5;13:*.aac=38;5;45:*.au=38;5;45:*.flac=38;5;45:*.mid=38;5;45:*.midi=38;5;45:*.mka=38;5;45:*.mp3=38;5;45:*.mpc=38;5;45:*.ogg=38;5;45:*.ra=38;5;45:*.wav=38;5;45:*.axa=38;5;45:*.oga=38;5;45:*.spx=38;5;45:*.xspf=38;5;45:
SSH_AUTH_SOCK=/run/user/4520/keyring/ssh
DISPLAY=:5
QUESTA_HOME=/tools/mentor/questasim_10.7d/questasim
IMSETTINGS_INTEGRATE_DESKTOP=yes
HOME=/home/gopalvamsinandam
VCS_HOME=/hwetools/synosys/installed_tools/vcs/Q-2020.03-SP2-8
PWD=/hwetools/work_area/frontend/gopalVamsi_b7/git_projects/AXI_FIFO_BFM_COPY/sim/synopsys_sim
MTI_HOME=/tools/mentor/questasim/questasim/
MGLS_HOME=/tools/mentor/questasim/questasim/linux/mgls
Fusion_Compiler_HOME=/hwetools/synosys/installed_tools/fusioncompiler/S-2021.06-SP2
SSH_AGENT_PID=28363
VERDI_HOME=/hwetools/synosys/installed_tools/verdi/Q-2020.03-SP2-8
DBUS_SESSION_BUS_ADDRESS=unix:abstract=/tmp/dbus-q9dcUI8ATA,guid=b5aa52d1619054b2445b737e64d9b69b
LD_LIBRARY_PATH=/tools/mentor/questasim/questasim
LOGNAME=gopalvamsinandam
GNOME_DESKTOP_SESSION_ID=this-is-deprecated
HOSTNAME=HweServer.mirafra.com
SSH_ASKPASS=/usr/libexec/openssh/gnome-ssh-askpass
COLORTERM=truecolor
QT_IM_MODULE=ibus
OSTYPE=linux
SHLVL=8
HOME_0IN=/tools/mentor/questacdc/linux
WHITE=\e[1;37m
MAKEOVERRIDES=${-*-command-variables-*-}
GNOME_SHELL_SESSION_MODE=classic
XDG_SESSION_ID=337
USER=gopalvamsinandam
QTLIB=/usr/lib64/qt-3.3/lib
XDG_CURRENT_DESKTOP=GNOME
VNCDESKTOP=HweServer.mirafra.com:5 (gopalvamsinandam)
REMOTEHOST=49.207.226.120
NC=\e[0m
FORMALITY=/hwetools/synosys/installed_tools/fm/S-2021.06-SP2
IMSETTINGS_MODULE=none
RED=\e[0;31m
MAKEFLAGS=si -- test=fifo_bfm_wr_test
MFLAGS=-si
SSH_CLIENT=49.207.226.120 39119 22
MAIL=/var/spool/mail/gopalvamsinandam
BLACK=\e[0;30m
SPYGLASS_HOME=/hwetools/synosys/installed_tools/spyglass/S-2021.09-SP1/SPYGLASS_HOME
YELLOW=\e[1;33m
CYAN=\e[0;36m
DC_HOME=/hwetools/synosys/installed_tools/syn/S-2021.06-SP4
GJS_DEBUG_TOPICS=JS ERROR;JS LOG
GNOME_TERMINAL_SCREEN=/org/gnome/Terminal/screen/7c838eae_29bd_4feb_bd59_be2d215732da
GNOME_TERMINAL_SERVICE=:1.105
HISTSIZE=1000
GROUP=gopalvamsinandam
HOSTTYPE=x86_64-linux
GJS_DEBUG_OUTPUT=stderr
QTINC=/usr/lib64/qt-3.3/include
Prime_HOME=/hwetools/synosys/installed_tools/prime/S-2021.06-SP2
QTDIR=/usr/lib64/qt-3.3
LANG=en_US.UTF-8
TERM=xterm-256color
HOST=HweServer.mirafra.com
MAKELEVEL=2
VCS_PATHMAP_PRELOAD_DONE=1
VCS_STACK_EXEC=true
VCS_EXEC_DONE=1
LC_ALL=C
DVE=/hwetools/synosys/installed_tools/vcs/Q-2020.03-SP2-8/gui/dve
SPECMAN_OUTPUT_TO_TTY=1
FLEXLM_BORROWFILE=/home/gopalvamsinandam/.HweServer.mirafra.com-borrow.txt
Runtime command line arguments:
argv[0]=./simv
argv[1]=+UVM_TESTNAME=fifo_bfm_wr_test
argv[2]=+UVM_VERBOSITY=UVM_MEDIUM
argv[3]=-l
argv[4]=fifo_bfm_wr_test/fifo_bfm_wr_test.log
260 profile - 100
          CPU/Mem usage: 0.070 sys,  0.500 user,  342.79M mem
261 Elapsed time:    0:00:02    Fri Aug 18 18:56:54 2023
262 pliAppInit
263 FSDB_GATE is set.
264 FSDB_RTL is set.
265 FSDB_RTL is set.
266 FSDB_FIELDTYPE is set.
267 Enable Parallel Dumping.
268 pliAppMiscSet: New Sim Round
269 pliEntryInit
270 LIBSSCORE=found /hwetools/synosys/installed_tools/verdi/Q-2020.03-SP2-8/share/PLI/lib/LINUXAMD64/libsscore_vcs202003.so through $NOVAS_HOME setting.
271 FSDB Dumper for VCS, Release Verdi_Q-2020.03-SP2-8, Linux x86_64/64bit, 08/31/2021
272 (C) 1996 - 2021 by Synopsys, Inc.
273 DVDI_is_vir_unload_enabled is enable
274 FSDB_VCS_ENABLE_NATIVE_VC is enable
275 sps_call_fsdbDumpvars_vd_main at 0 : Unknown source file(0)
276 argv[0]: (+all)
277 *Verdi* : Create FSDB file 'novas.fsdb'
278 compile option from '/hwetools/work_area/frontend/gopalVamsi_b7/git_projects/AXI_FIFO_BFM_COPY/sim/synopsys_sim/simv.daidir/vcs_rebuild'.
279   "vcs '-full64' '-sverilog' '+v2k' '-debug_access+all' '-debug_acc+pp+dmptf' '-ntb_opts' 'uvm-1.2' '+ntb_random_seed_automatic' '+memcbk' '+vcs+fsdbon+all' '-override_timescale=1ns/1ps' '-l' 'axi_fifo_compile.log' '+plusarg_ignore' '-f' '../axi4_fifo_copy.f' 2>&1"
280 [spi_vcs_vd_ppi_create_root]: no upf option
281 FSDB dumper cannot dump UPF related power signal ($power_tree): no ppiPowerNetwork.
282 Power dumping is enabled and VIR_REDUCTION may not work.
283 *Verdi* : Begin traversing the scopes, layer (0).
284 *Verdi* : Enable +all dumping.
285 *Verdi* : End of traversing.
286 pliAppHDL_DumpVarComplete traverse var: profile - 
          CPU/Mem usage: 0.110 sys,  0.590 user,  444.26M mem
                   incr: 0.020 sys,  0.090 user,  9.71M mem
                   accu: 0.020 sys,  0.090 user,  9.71M mem
              accu incr: 0.020 sys,  0.090 user,  9.71M mem

          Count usage: 11707 var,  11551 idcode,  415 callback
                 incr: 11707 var,  11551 idcode,  415 callback
                 accu: 11707 var,  11551 idcode,  415 callback
            accu incr: 11707 var,  11551 idcode,  415 callback
287 Elapsed time:    0:00:03    Fri Aug 18 18:56:55 2023
288 pliAppHDL_DumpVarComplete: profile - 
          CPU/Mem usage: 0.110 sys,  0.590 user,  446.01M mem
                   incr: 0.000 sys,  0.000 user,  1.75M mem
                   accu: 0.020 sys,  0.090 user,  11.46M mem
              accu incr: 0.000 sys,  0.000 user,  1.75M mem

          Count usage: 11707 var,  11551 idcode,  415 callback
                 incr: 0 var,  0 idcode,  0 callback
                 accu: 11707 var,  11551 idcode,  415 callback
            accu incr: 0 var,  0 idcode,  0 callback
289 Elapsed time:    0:00:03    Fri Aug 18 18:56:55 2023
290 End of simulation at 6015000
291 Elapsed time:    0:00:03    Fri Aug 18 18:56:55 2023
292 Begin FSDB profile info:
293 FSDB Writer : bc1(5706) bcn(14145) mtf/stf(0/0)
FSDB Writer elapsed time : flush(0.151650) io wait(0.000000) theadpool wait(0.000000)
FSDB Writer cpu time : MT Compression : 0
294 End FSDB profile info
295 Parallel profile     - ProducerThread:1 ConsumerThread:1 Buffer:64MB
296                      - BlockUsed:1 Acquire:9601 BufferUsed:135102
297                      - Flush:2 Expand:0 ProducerWait:0 ConsumerWait:0
298                      - MainProducerTime:0.965936592 TotalConsumerTime:0.000000000
299                      - ElapsedTime:1.180931000
300 Producer   0 profile - BlockUsed:1 Acquire:9601 BufferUsed:135102
301 Consumer   0 profile - Affinity:-1 CPUTime:0.000000000 LifeTime:0.000000000 (-nan%)
302                      - BlockUsed:1 Acquire:9601 BufferUsed:135102
303 SimExit
304 Elapsed time:    0:00:03    Fri Aug 18 18:56:55 2023
305 Sim process exit
